Using pre-set license
Built from '2020.3/staging' branch; Version is '2020.3.32f1 (12f8b0834f07) revision 1243312'; Using compiler version '192528614'; Build Type 'Release'
OS: 'Windows 11  (10.0.22000) 64bit CoreSingleLanguage' Language: 'pt' Physical Memory: 16106 MB
BatchMode: 1, IsHumanControllingUs: 0, StartBugReporterOnCrash: 0, Is64bit: 1, IsPro: 0

COMMAND LINE ARGUMENTS:
C:\Program Files\Unity\Hub\Editor\2020.3.32f1\Editor\Unity.exe
-adb2
-batchMode
-noUpm
-name
AssetImportWorker0
-projectPath
C:/Users/Felipe/Documents/Faculdade/2022S1/ComputacaoGrafica/Projetos/TesteAsset
-logFile
Logs/AssetImportWorker0.log
-srvPort
50890
Successfully changed project path to: C:/Users/Felipe/Documents/Faculdade/2022S1/ComputacaoGrafica/Projetos/TesteAsset
C:/Users/Felipe/Documents/Faculdade/2022S1/ComputacaoGrafica/Projetos/TesteAsset
Using Asset Import Pipeline V2.
Refreshing native plugins compatible for Editor in 33.83 ms, found 2 plugins.
Preloading 0 native plugins for Editor in 0.00 ms.
Initialize engine version: 2020.3.32f1 (12f8b0834f07)
[Subsystems] Discovering subsystems at path C:/Program Files/Unity/Hub/Editor/2020.3.32f1/Editor/Data/Resources/UnitySubsystems
[Subsystems] Discovering subsystems at path C:/Users/Felipe/Documents/Faculdade/2022S1/ComputacaoGrafica/Projetos/TesteAsset/Assets
GfxDevice: creating device client; threaded=0
Direct3D:
    Version:  Direct3D 11.0 [level 11.1]
    Renderer: NVIDIA GeForce MX350 (ID=0x1c94)
    Vendor:   
    VRAM:     1979 MB
    Driver:   30.0.15.1169
Initialize mono
Mono path[0] = 'C:/Program Files/Unity/Hub/Editor/2020.3.32f1/Editor/Data/Managed'
Mono path[1] = 'C:/Program Files/Unity/Hub/Editor/2020.3.32f1/Editor/Data/MonoBleedingEdge/lib/mono/unityjit'
Mono config path = 'C:/Program Files/Unity/Hub/Editor/2020.3.32f1/Editor/Data/MonoBleedingEdge/etc'
Using monoOptions --debugger-agent=transport=dt_socket,embedding=1,server=y,suspend=n,address=127.0.0.1:56208
Begin MonoManager ReloadAssembly
Registering precompiled unity dll's ...
Register platform support module: C:/Program Files/Unity/Hub/Editor/2020.3.32f1/Editor/Data/PlaybackEngines/WindowsStandaloneSupport/UnityEditor.WindowsStandalone.Extensions.dll
Registered in 0.001095 seconds.
Native extension for WindowsStandalone target not found
Refreshing native plugins compatible for Editor in 33.33 ms, found 2 plugins.
Preloading 0 native plugins for Editor in 0.00 ms.
Mono: successfully reloaded assembly
- Completed reload, in  0.543 seconds
Domain Reload Profiling:
	ReloadAssembly (543ms)
		BeginReloadAssembly (51ms)
			ExecutionOrderSort (0ms)
			DisableScriptedObjects (0ms)
			BackupInstance (0ms)
			ReleaseScriptingObjects (0ms)
			CreateAndSetChildDomain (1ms)
		EndReloadAssembly (425ms)
			LoadAssemblies (49ms)
			RebuildTransferFunctionScriptingTraits (0ms)
			SetupTypeCache (157ms)
			ReleaseScriptCaches (0ms)
			RebuildScriptCaches (24ms)
			SetupLoadedEditorAssemblies (136ms)
				LogAssemblyErrors (0ms)
				InitializePlatformSupportModulesInManaged (3ms)
				SetLoadedEditorAssemblies (0ms)
				RefreshPlugins (33ms)
				BeforeProcessingInitializeOnLoad (13ms)
				ProcessInitializeOnLoadAttributes (65ms)
				ProcessInitializeOnLoadMethodAttributes (21ms)
				AfterProcessingInitializeOnLoad (0ms)
				EditorAssembliesLoaded (0ms)
			ExecutionOrderSort2 (0ms)
			AwakeInstancesAfterBackupRestoration (0ms)
Platform modules already initialized, skipping
Registering precompiled user dll's ...
Registered in 0.001563 seconds.
Begin MonoManager ReloadAssembly
Native extension for WindowsStandalone target not found
Refreshing native plugins compatible for Editor in 0.38 ms, found 2 plugins.
Preloading 0 native plugins for Editor in 0.00 ms.
Mono: successfully reloaded assembly
- Completed reload, in  0.971 seconds
Domain Reload Profiling:
	ReloadAssembly (972ms)
		BeginReloadAssembly (158ms)
			ExecutionOrderSort (0ms)
			DisableScriptedObjects (3ms)
			BackupInstance (0ms)
			ReleaseScriptingObjects (0ms)
			CreateAndSetChildDomain (18ms)
		EndReloadAssembly (750ms)
			LoadAssemblies (96ms)
			RebuildTransferFunctionScriptingTraits (0ms)
			SetupTypeCache (273ms)
			ReleaseScriptCaches (0ms)
			RebuildScriptCaches (41ms)
			SetupLoadedEditorAssemblies (274ms)
				LogAssemblyErrors (0ms)
				InitializePlatformSupportModulesInManaged (4ms)
				SetLoadedEditorAssemblies (0ms)
				RefreshPlugins (0ms)
				BeforeProcessingInitializeOnLoad (66ms)
				ProcessInitializeOnLoadAttributes (189ms)
				ProcessInitializeOnLoadMethodAttributes (9ms)
				AfterProcessingInitializeOnLoad (4ms)
				EditorAssembliesLoaded (0ms)
			ExecutionOrderSort2 (0ms)
			AwakeInstancesAfterBackupRestoration (7ms)
Platform modules already initialized, skipping
========================================================================
Worker process is ready to serve import requests
Launched and connected shader compiler UnityShaderCompiler.exe after 0.06 seconds
Refreshing native plugins compatible for Editor in 0.65 ms, found 2 plugins.
Preloading 0 native plugins for Editor in 0.00 ms.
Unloading 1837 Unused Serialized files (Serialized files now loaded: 0)
System memory in use before: 88.4 MB.
System memory in use after: 88.5 MB.

Unloading 17 unused Assets to reduce memory usage. Loaded Objects now: 2274.
Total: 6.130700 ms (FindLiveObjects: 0.190600 ms CreateObjectMapping: 0.086900 ms MarkObjects: 5.730300 ms  DeleteObjects: 0.121100 ms)

AssetImportParameters requested are different than current active one (requested -> active):
  custom:framework-win-MediaFoundation: 216162199b28c13a410421893ffa2e32 -> 
  custom:video-decoder-ogg-theora: a1e56fd34408186e4bbccfd4996cb3dc -> 
  custom:container-muxer-webm: aa71ff27fc2769a1b78a27578f13a17b -> 
  custom:container-demuxer-webm: 4f35f7cbe854078d1ac9338744f61a02 -> 
  custom:container-demuxer-ogg: 62fdf1f143b41e24485cea50d1cbac27 -> 
  custom:video-encoder-webm-vp8: eb34c28f22e8b96e1ab97ce403110664 -> 
  custom:video-codec-MediaFoundation-h265: 746d11721c4dcdbdad8f713fa42b33f4 -> 
  custom:video-decoder-webm-vp8: 9c59270c3fd7afecdb556c50c9e8de78 -> 
  custom:audio-decoder-ogg-vorbis: bf7c407c2cedff20999df2af8eb42d56 -> 
  custom:audio-encoder-webm-vorbis: bf7c407c2cedff20999df2af8eb42d56 -> 
========================================================================
Received Import Request.
  path: Assets/Dypsloom
  artifactKey: Guid(c3916b7b08dbd314ab6d5919b14507e9) Importer(815301076,1909f56bfc062723c751e8b465ee728b)
Start importing Assets/Dypsloom using Guid(c3916b7b08dbd314ab6d5919b14507e9) Importer(815301076,1909f56bfc062723c751e8b465ee728b)  -> (artifact id: 'ae3e95362e9c28775013c1335f7d72b1') in 0.023553 seconds 
========================================================================
Received Import Request.
  Time since last request: 6.780256 seconds.
  path: Assets/Dypsloom/DypThePenguin
  artifactKey: Guid(0e066592c98b5234fb44327a1a130474) Importer(815301076,1909f56bfc062723c751e8b465ee728b)
Start importing Assets/Dypsloom/DypThePenguin using Guid(0e066592c98b5234fb44327a1a130474) Importer(815301076,1909f56bfc062723c751e8b465ee728b)  -> (artifact id: '4c7b8d82c47304aafe31f38b9cee081a') in 0.008136 seconds 
========================================================================
Received Import Request.
  Time since last request: 1.350411 seconds.
  path: Assets/Dypsloom/Shared
  artifactKey: Guid(d941177f8feb7e04e8f7269defb7400e) Importer(815301076,1909f56bfc062723c751e8b465ee728b)
Start importing Assets/Dypsloom/Shared using Guid(d941177f8feb7e04e8f7269defb7400e) Importer(815301076,1909f56bfc062723c751e8b465ee728b)  -> (artifact id: '599ca41e7f63924d899439b3abcad43e') in 0.010540 seconds 
========================================================================
Received Import Request.
  Time since last request: 3.397282 seconds.
  path: Assets/Dypsloom/DypThePenguin/dyp_the_penguin_urp.unitypackage
  artifactKey: Guid(c5b3a97dc344b564fa63617449911d5f) Importer(815301076,1909f56bfc062723c751e8b465ee728b)
Start importing Assets/Dypsloom/DypThePenguin/dyp_the_penguin_urp.unitypackage using Guid(c5b3a97dc344b564fa63617449911d5f) Importer(815301076,1909f56bfc062723c751e8b465ee728b)  -> (artifact id: '444ddba1aee1fd03a9596f6615606821') in 0.045028 seconds 
========================================================================
Received Import Request.
  Time since last request: 0.542895 seconds.
  path: Assets/Dypsloom/DypThePenguin/DypThePenguin Documentation.pdf
  artifactKey: Guid(cfdb4bb2a4cb2854ab832bb275495d6e) Importer(815301076,1909f56bfc062723c751e8b465ee728b)
Start importing Assets/Dypsloom/DypThePenguin/DypThePenguin Documentation.pdf using Guid(cfdb4bb2a4cb2854ab832bb275495d6e) Importer(815301076,1909f56bfc062723c751e8b465ee728b)  -> (artifact id: 'b8d7f4b5729401ac900e0fd277eab89b') in 0.029359 seconds 
========================================================================
Received Import Request.
  Time since last request: 1.625477 seconds.
  path: Assets/Dypsloom/DypThePenguin/Demo
  artifactKey: Guid(af3935c0588099f4eb280a0e69117662) Importer(815301076,1909f56bfc062723c751e8b465ee728b)
Start importing Assets/Dypsloom/DypThePenguin/Demo using Guid(af3935c0588099f4eb280a0e69117662) Importer(815301076,1909f56bfc062723c751e8b465ee728b)  -> (artifact id: '55e486ffd655b2cb5454e28c81a62d13') in 0.006240 seconds 
========================================================================
Received Import Request.
  Time since last request: 1.196722 seconds.
  path: Assets/Dypsloom/DypThePenguin/Demo/Characters
  artifactKey: Guid(52328b37488eb57439ca189f3b794d8d) Importer(815301076,1909f56bfc062723c751e8b465ee728b)
Start importing Assets/Dypsloom/DypThePenguin/Demo/Characters using Guid(52328b37488eb57439ca189f3b794d8d) Importer(815301076,1909f56bfc062723c751e8b465ee728b)  -> (artifact id: '341511a5124fbcfac71e8005d07dfe83') in 0.008695 seconds 
========================================================================
Received Import Request.
  Time since last request: 1.940124 seconds.
  path: Assets/Dypsloom/DypThePenguin/Demo/Characters/Models
  artifactKey: Guid(af1c29308904336488a8970901fa7e10) Importer(815301076,1909f56bfc062723c751e8b465ee728b)
Start importing Assets/Dypsloom/DypThePenguin/Demo/Characters/Models using Guid(af1c29308904336488a8970901fa7e10) Importer(815301076,1909f56bfc062723c751e8b465ee728b)  -> (artifact id: '3dece8882ca289e6dfa40288d84d85b7') in 0.008092 seconds 
========================================================================
Received Import Request.
  Time since last request: 0.047765 seconds.
  path: Assets/Dypsloom/DypThePenguin/Demo/Characters/Models/Dyp.fbx
  artifactKey: Guid(72fcee3806ee8cd4fad48dcd98afb351) Importer(815301076,1909f56bfc062723c751e8b465ee728b)
Start importing Assets/Dypsloom/DypThePenguin/Demo/Characters/Models/Dyp.fbx using Guid(72fcee3806ee8cd4fad48dcd98afb351) Importer(815301076,1909f56bfc062723c751e8b465ee728b)  -> (artifact id: '196cf950d2d827084adbc40b9eb406c9') in 0.425667 seconds 
========================================================================
Received Prepare
Registering precompiled user dll's ...
Registered in 0.002238 seconds.
Begin MonoManager ReloadAssembly
Native extension for WindowsStandalone target not found
Refreshing native plugins compatible for Editor in 0.42 ms, found 2 plugins.
Preloading 0 native plugins for Editor in 0.00 ms.
Mono: successfully reloaded assembly
- Completed reload, in  1.798 seconds
Domain Reload Profiling:
	ReloadAssembly (1799ms)
		BeginReloadAssembly (173ms)
			ExecutionOrderSort (0ms)
			DisableScriptedObjects (6ms)
			BackupInstance (0ms)
			ReleaseScriptingObjects (0ms)
			CreateAndSetChildDomain (51ms)
		EndReloadAssembly (1290ms)
			LoadAssemblies (229ms)
			RebuildTransferFunctionScriptingTraits (0ms)
			SetupTypeCache (495ms)
			ReleaseScriptCaches (1ms)
			RebuildScriptCaches (58ms)
			SetupLoadedEditorAssemblies (394ms)
				LogAssemblyErrors (0ms)
				InitializePlatformSupportModulesInManaged (6ms)
				SetLoadedEditorAssemblies (1ms)
				RefreshPlugins (0ms)
				BeforeProcessingInitializeOnLoad (92ms)
				ProcessInitializeOnLoadAttributes (278ms)
				ProcessInitializeOnLoadMethodAttributes (12ms)
				AfterProcessingInitializeOnLoad (5ms)
				EditorAssembliesLoaded (0ms)
			ExecutionOrderSort2 (0ms)
			AwakeInstancesAfterBackupRestoration (9ms)
Platform modules already initialized, skipping
Refreshing native plugins compatible for Editor in 0.42 ms, found 2 plugins.
Preloading 0 native plugins for Editor in 0.00 ms.
Unloading 1796 Unused Serialized files (Serialized files now loaded: 0)
System memory in use before: 102.4 MB.
System memory in use after: 102.5 MB.

Unloading 12 unused Assets to reduce memory usage. Loaded Objects now: 2322.
Total: 4.250700 ms (FindLiveObjects: 0.156000 ms CreateObjectMapping: 0.053700 ms MarkObjects: 4.018500 ms  DeleteObjects: 0.021400 ms)

AssetImportParameters requested are different than current active one (requested -> active):
  custom:framework-win-MediaFoundation: 216162199b28c13a410421893ffa2e32 -> 
  custom:video-decoder-ogg-theora: a1e56fd34408186e4bbccfd4996cb3dc -> 
  custom:container-muxer-webm: aa71ff27fc2769a1b78a27578f13a17b -> 
  custom:container-demuxer-webm: 4f35f7cbe854078d1ac9338744f61a02 -> 
  custom:container-demuxer-ogg: 62fdf1f143b41e24485cea50d1cbac27 -> 
  custom:video-encoder-webm-vp8: eb34c28f22e8b96e1ab97ce403110664 -> 
  custom:video-codec-MediaFoundation-h265: 746d11721c4dcdbdad8f713fa42b33f4 -> 
  custom:video-decoder-webm-vp8: 9c59270c3fd7afecdb556c50c9e8de78 -> 
  custom:audio-decoder-ogg-vorbis: bf7c407c2cedff20999df2af8eb42d56 -> 
  custom:audio-encoder-webm-vorbis: bf7c407c2cedff20999df2af8eb42d56 -> 
========================================================================
Received Import Request.
  Time since last request: 31.412692 seconds.
  path: Assets/Dypsloom/DypThePenguin/Demo/Characters/Prefab
  artifactKey: Guid(88336035f3fe66041ba465432f4f00d4) Importer(815301076,1909f56bfc062723c751e8b465ee728b)
Start importing Assets/Dypsloom/DypThePenguin/Demo/Characters/Prefab using Guid(88336035f3fe66041ba465432f4f00d4) Importer(815301076,1909f56bfc062723c751e8b465ee728b)  -> (artifact id: '26e6ee5d539227bf7a60b2cecf2f64ba') in 0.011789 seconds 
========================================================================
Received Import Request.
  Time since last request: 0.037659 seconds.
  path: Assets/Dypsloom/DypThePenguin/Demo/Characters/Prefab/Dyp.prefab
  artifactKey: Guid(4290ce8b0eaa54942b193ab7f49c6bb3) Importer(815301076,1909f56bfc062723c751e8b465ee728b)
Start importing Assets/Dypsloom/DypThePenguin/Demo/Characters/Prefab/Dyp.prefab using Guid(4290ce8b0eaa54942b193ab7f49c6bb3) Importer(815301076,1909f56bfc062723c751e8b465ee728b)  -> (artifact id: 'fdbc05a382f85e568969e13001f09e6c') in 0.691537 seconds 
========================================================================
Received Import Request.
  Time since last request: 0.000265 seconds.
  path: Assets/Dypsloom/DypThePenguin/Demo/Characters/Prefab/Shackled Nice Penguin.prefab
  artifactKey: Guid(076e286a7c5570248ba1f1659c3d0425) Importer(815301076,1909f56bfc062723c751e8b465ee728b)
Start importing Assets/Dypsloom/DypThePenguin/Demo/Characters/Prefab/Shackled Nice Penguin.prefab using Guid(076e286a7c5570248ba1f1659c3d0425) Importer(815301076,1909f56bfc062723c751e8b465ee728b)  -> (artifact id: 'df76665283cfc7a13ae7b92b9fcdd442') in 0.061369 seconds 
========================================================================
Received Import Request.
  Time since last request: 193.388650 seconds.
  path: Assets
  artifactKey: Guid(00000000000000001000000000000000) Importer(815301076,1909f56bfc062723c751e8b465ee728b)
Start importing Assets using Guid(00000000000000001000000000000000) Importer(815301076,1909f56bfc062723c751e8b465ee728b)  -> (artifact id: '42d402b061de3733987d63b9cc3b64de') in 0.007819 seconds 
========================================================================
Received Prepare
Registering precompiled user dll's ...
Registered in 0.001789 seconds.
Begin MonoManager ReloadAssembly
Native extension for WindowsStandalone target not found
Refreshing native plugins compatible for Editor in 0.38 ms, found 2 plugins.
Preloading 0 native plugins for Editor in 0.00 ms.
Mono: successfully reloaded assembly
- Completed reload, in  1.090 seconds
Domain Reload Profiling:
	ReloadAssembly (1090ms)
		BeginReloadAssembly (114ms)
			ExecutionOrderSort (0ms)
			DisableScriptedObjects (4ms)
			BackupInstance (0ms)
			ReleaseScriptingObjects (0ms)
			CreateAndSetChildDomain (35ms)
		EndReloadAssembly (913ms)
			LoadAssemblies (95ms)
			RebuildTransferFunctionScriptingTraits (0ms)
			SetupTypeCache (295ms)
			ReleaseScriptCaches (1ms)
			RebuildScriptCaches (40ms)
			SetupLoadedEditorAssemblies (373ms)
				LogAssemblyErrors (0ms)
				InitializePlatformSupportModulesInManaged (7ms)
				SetLoadedEditorAssemblies (1ms)
				RefreshPlugins (0ms)
				BeforeProcessingInitializeOnLoad (90ms)
				ProcessInitializeOnLoadAttributes (258ms)
				ProcessInitializeOnLoadMethodAttributes (12ms)
				AfterProcessingInitializeOnLoad (4ms)
				EditorAssembliesLoaded (0ms)
			ExecutionOrderSort2 (0ms)
			AwakeInstancesAfterBackupRestoration (8ms)
Platform modules already initialized, skipping
Refreshing native plugins compatible for Editor in 0.80 ms, found 2 plugins.
Preloading 0 native plugins for Editor in 0.00 ms.
Unloading 1796 Unused Serialized files (Serialized files now loaded: 0)
System memory in use before: 102.8 MB.
System memory in use after: 102.9 MB.

Unloading 15 unused Assets to reduce memory usage. Loaded Objects now: 2329.
Total: 2.965000 ms (FindLiveObjects: 0.130900 ms CreateObjectMapping: 0.046200 ms MarkObjects: 2.733300 ms  DeleteObjects: 0.053400 ms)

AssetImportParameters requested are different than current active one (requested -> active):
  custom:framework-win-MediaFoundation: 216162199b28c13a410421893ffa2e32 -> 
  custom:video-decoder-ogg-theora: a1e56fd34408186e4bbccfd4996cb3dc -> 
  custom:container-muxer-webm: aa71ff27fc2769a1b78a27578f13a17b -> 
  custom:container-demuxer-webm: 4f35f7cbe854078d1ac9338744f61a02 -> 
  custom:container-demuxer-ogg: 62fdf1f143b41e24485cea50d1cbac27 -> 
  custom:video-encoder-webm-vp8: eb34c28f22e8b96e1ab97ce403110664 -> 
  custom:video-codec-MediaFoundation-h265: 746d11721c4dcdbdad8f713fa42b33f4 -> 
  custom:video-decoder-webm-vp8: 9c59270c3fd7afecdb556c50c9e8de78 -> 
  custom:audio-decoder-ogg-vorbis: bf7c407c2cedff20999df2af8eb42d56 -> 
  custom:audio-encoder-webm-vorbis: bf7c407c2cedff20999df2af8eb42d56 -> 
========================================================================
Received Import Request.
  Time since last request: 8.073124 seconds.
  path: Assets/New Material.mat
  artifactKey: Guid(0a5846f0c99ae0945a9165765fef1048) Importer(815301076,1909f56bfc062723c751e8b465ee728b)
Start importing Assets/New Material.mat using Guid(0a5846f0c99ae0945a9165765fef1048) Importer(815301076,1909f56bfc062723c751e8b465ee728b)  -> (artifact id: '4a63eb55f7145439ffccce9196b665ef') in 0.090438 seconds 
========================================================================
Received Prepare
Registering precompiled user dll's ...
Registered in 0.002304 seconds.
Begin MonoManager ReloadAssembly
Native extension for WindowsStandalone target not found
Refreshing native plugins compatible for Editor in 0.37 ms, found 2 plugins.
Preloading 0 native plugins for Editor in 0.00 ms.
Mono: successfully reloaded assembly
- Completed reload, in  1.469 seconds
Domain Reload Profiling:
	ReloadAssembly (1469ms)
		BeginReloadAssembly (153ms)
			ExecutionOrderSort (0ms)
			DisableScriptedObjects (5ms)
			BackupInstance (0ms)
			ReleaseScriptingObjects (0ms)
			CreateAndSetChildDomain (52ms)
		EndReloadAssembly (1221ms)
			LoadAssemblies (134ms)
			RebuildTransferFunctionScriptingTraits (0ms)
			SetupTypeCache (423ms)
			ReleaseScriptCaches (1ms)
			RebuildScriptCaches (58ms)
			SetupLoadedEditorAssemblies (460ms)
				LogAssemblyErrors (0ms)
				InitializePlatformSupportModulesInManaged (5ms)
				SetLoadedEditorAssemblies (1ms)
				RefreshPlugins (0ms)
				BeforeProcessingInitializeOnLoad (106ms)
				ProcessInitializeOnLoadAttributes (324ms)
				ProcessInitializeOnLoadMethodAttributes (14ms)
				AfterProcessingInitializeOnLoad (9ms)
				EditorAssembliesLoaded (1ms)
			ExecutionOrderSort2 (0ms)
			AwakeInstancesAfterBackupRestoration (12ms)
Platform modules already initialized, skipping
Refreshing native plugins compatible for Editor in 0.83 ms, found 2 plugins.
Preloading 0 native plugins for Editor in 0.00 ms.
Unloading 1796 Unused Serialized files (Serialized files now loaded: 0)
System memory in use before: 102.8 MB.
System memory in use after: 102.9 MB.

Unloading 12 unused Assets to reduce memory usage. Loaded Objects now: 2333.
Total: 4.819300 ms (FindLiveObjects: 0.282700 ms CreateObjectMapping: 0.111100 ms MarkObjects: 4.389900 ms  DeleteObjects: 0.034000 ms)

AssetImportParameters requested are different than current active one (requested -> active):
  custom:framework-win-MediaFoundation: 216162199b28c13a410421893ffa2e32 -> 
  custom:video-decoder-ogg-theora: a1e56fd34408186e4bbccfd4996cb3dc -> 
  custom:container-muxer-webm: aa71ff27fc2769a1b78a27578f13a17b -> 
  custom:container-demuxer-webm: 4f35f7cbe854078d1ac9338744f61a02 -> 
  custom:container-demuxer-ogg: 62fdf1f143b41e24485cea50d1cbac27 -> 
  custom:video-encoder-webm-vp8: eb34c28f22e8b96e1ab97ce403110664 -> 
  custom:video-codec-MediaFoundation-h265: 746d11721c4dcdbdad8f713fa42b33f4 -> 
  custom:video-decoder-webm-vp8: 9c59270c3fd7afecdb556c50c9e8de78 -> 
  custom:audio-decoder-ogg-vorbis: bf7c407c2cedff20999df2af8eb42d56 -> 
  custom:audio-encoder-webm-vorbis: bf7c407c2cedff20999df2af8eb42d56 -> 
========================================================================
Received Import Request.
  Time since last request: 251.777023 seconds.
  path: Assets/Dypsloom/DypThePenguin/Demo/Prefabs
  artifactKey: Guid(acc2c480fb72d62449d7954930b790c5) Importer(815301076,1909f56bfc062723c751e8b465ee728b)
Start importing Assets/Dypsloom/DypThePenguin/Demo/Prefabs using Guid(acc2c480fb72d62449d7954930b790c5) Importer(815301076,1909f56bfc062723c751e8b465ee728b)  -> (artifact id: '851222d93aebedacf59894b9aef282ab') in 0.011776 seconds 
========================================================================
Received Import Request.
  Time since last request: 0.057772 seconds.
  path: Assets/Dypsloom/DypThePenguin/Demo/Prefabs/Cloud.prefab
  artifactKey: Guid(f7df7e0ae46112a49843436ed8f540a0) Importer(815301076,1909f56bfc062723c751e8b465ee728b)
Start importing Assets/Dypsloom/DypThePenguin/Demo/Prefabs/Cloud.prefab using Guid(f7df7e0ae46112a49843436ed8f540a0) Importer(815301076,1909f56bfc062723c751e8b465ee728b)  -> (artifact id: 'bc4cd450745fd269e45df48fac347f4f') in 0.069184 seconds 
========================================================================
Received Import Request.
  Time since last request: 0.000263 seconds.
  path: Assets/Dypsloom/DypThePenguin/Demo/Prefabs/Fish_03.prefab
  artifactKey: Guid(854b9c081cac0734f987a5da9ef516af) Importer(815301076,1909f56bfc062723c751e8b465ee728b)
Start importing Assets/Dypsloom/DypThePenguin/Demo/Prefabs/Fish_03.prefab using Guid(854b9c081cac0734f987a5da9ef516af) Importer(815301076,1909f56bfc062723c751e8b465ee728b)  -> (artifact id: 'a3735d26a6691c0e682a26db843e1988') in 0.020594 seconds 
========================================================================
Received Import Request.
  Time since last request: 0.000336 seconds.
  path: Assets/Dypsloom/DypThePenguin/Demo/Prefabs/MovingPlatform Parent.prefab
  artifactKey: Guid(846e94f8d62d2be4c933954f6eaa4889) Importer(815301076,1909f56bfc062723c751e8b465ee728b)
Start importing Assets/Dypsloom/DypThePenguin/Demo/Prefabs/MovingPlatform Parent.prefab using Guid(846e94f8d62d2be4c933954f6eaa4889) Importer(815301076,1909f56bfc062723c751e8b465ee728b)  -> (artifact id: '2aafb21a9dc398c6fd04237859e03e91') in 0.521887 seconds 
========================================================================
Received Import Request.
  Time since last request: 0.000341 seconds.
  path: Assets/Dypsloom/DypThePenguin/Demo/Prefabs/MovingPlatform.prefab
  artifactKey: Guid(b0eab01a093541347b302f4e41642d1c) Importer(815301076,1909f56bfc062723c751e8b465ee728b)
Start importing Assets/Dypsloom/DypThePenguin/Demo/Prefabs/MovingPlatform.prefab using Guid(b0eab01a093541347b302f4e41642d1c) Importer(815301076,1909f56bfc062723c751e8b465ee728b)  -> (artifact id: '55c4be046ad33842e49542726681c055') in 0.015527 seconds 
========================================================================
Received Import Request.
  Time since last request: 0.000280 seconds.
  path: Assets/Dypsloom/DypThePenguin/Demo/Prefabs/Fish_01.prefab
  artifactKey: Guid(2baaad79020da0a4891d871696e7434e) Importer(815301076,1909f56bfc062723c751e8b465ee728b)
Start importing Assets/Dypsloom/DypThePenguin/Demo/Prefabs/Fish_01.prefab using Guid(2baaad79020da0a4891d871696e7434e) Importer(815301076,1909f56bfc062723c751e8b465ee728b)  -> (artifact id: 'f06577b806cc14a3b27dbf25ade9db90') in 0.021201 seconds 
========================================================================
Received Import Request.
  Time since last request: 0.000268 seconds.
  path: Assets/Dypsloom/DypThePenguin/Demo/Prefabs/Fluffy Platform Variant.prefab
  artifactKey: Guid(38e4751374aa55c4fa5b02b88db04685) Importer(815301076,1909f56bfc062723c751e8b465ee728b)
Start importing Assets/Dypsloom/DypThePenguin/Demo/Prefabs/Fluffy Platform Variant.prefab using Guid(38e4751374aa55c4fa5b02b88db04685) Importer(815301076,1909f56bfc062723c751e8b465ee728b)  -> (artifact id: '0a209ce5a008cd65e5ed859be63a74c4') in 0.019001 seconds 
========================================================================
Received Import Request.
  Time since last request: 0.000266 seconds.
  path: Assets/Dypsloom/DypThePenguin/Demo/Prefabs/Shackle.prefab
  artifactKey: Guid(d356001283f6ca24aa38289168947821) Importer(815301076,1909f56bfc062723c751e8b465ee728b)
Start importing Assets/Dypsloom/DypThePenguin/Demo/Prefabs/Shackle.prefab using Guid(d356001283f6ca24aa38289168947821) Importer(815301076,1909f56bfc062723c751e8b465ee728b)  -> (artifact id: '628fe3389ba3fdb348a33a1bedf1b093') in 0.014674 seconds 
========================================================================
Received Import Request.
  Time since last request: 0.000296 seconds.
  path: Assets/Dypsloom/DypThePenguin/Demo/Prefabs/Fish_02.prefab
  artifactKey: Guid(4492617d1318d834bbb1accce4c557fa) Importer(815301076,1909f56bfc062723c751e8b465ee728b)
Start importing Assets/Dypsloom/DypThePenguin/Demo/Prefabs/Fish_02.prefab using Guid(4492617d1318d834bbb1accce4c557fa) Importer(815301076,1909f56bfc062723c751e8b465ee728b)  -> (artifact id: '40ce0d6672bb0cdfed478b271df00e27') in 0.018959 seconds 
========================================================================
Received Import Request.
  Time since last request: 0.000403 seconds.
  path: Assets/Dypsloom/DypThePenguin/Demo/Prefabs/Crystal.prefab
  artifactKey: Guid(d700c7995ca165a42a035b00ad29a3c7) Importer(815301076,1909f56bfc062723c751e8b465ee728b)
Start importing Assets/Dypsloom/DypThePenguin/Demo/Prefabs/Crystal.prefab using Guid(d700c7995ca165a42a035b00ad29a3c7) Importer(815301076,1909f56bfc062723c751e8b465ee728b)  -> (artifact id: 'b08500bb06e7b62c1203ab5d2bbc0614') in 0.021070 seconds 
========================================================================
Received Import Request.
  Time since last request: 0.000250 seconds.
  path: Assets/Dypsloom/DypThePenguin/Demo/Prefabs/Enemy Shooter.prefab
  artifactKey: Guid(87d291bfe30d9fb4484430a1ead3808c) Importer(815301076,1909f56bfc062723c751e8b465ee728b)
Start importing Assets/Dypsloom/DypThePenguin/Demo/Prefabs/Enemy Shooter.prefab using Guid(87d291bfe30d9fb4484430a1ead3808c) Importer(815301076,1909f56bfc062723c751e8b465ee728b)  -> (artifact id: 'f96d87ca31765ebead5ea98d596e3b57') in 0.050478 seconds 
========================================================================
Received Import Request.
  Time since last request: 8.967075 seconds.
  path: Assets/Dypsloom/DypThePenguin/Scripts
  artifactKey: Guid(71a234f2042de2848b6c53a0240b4739) Importer(815301076,1909f56bfc062723c751e8b465ee728b)
Start importing Assets/Dypsloom/DypThePenguin/Scripts using Guid(71a234f2042de2848b6c53a0240b4739) Importer(815301076,1909f56bfc062723c751e8b465ee728b)  -> (artifact id: 'e3f12855c8d06b17aa936a4e34061355') in 0.007593 seconds 
========================================================================
Received Import Request.
  Time since last request: 0.051917 seconds.
  path: Assets/Dypsloom/DypThePenguin/Scripts/Dypsloom.DypThePenguin.asmdef
  artifactKey: Guid(9697a9c8014546945853b11aeebae0ba) Importer(815301076,1909f56bfc062723c751e8b465ee728b)
Start importing Assets/Dypsloom/DypThePenguin/Scripts/Dypsloom.DypThePenguin.asmdef using Guid(9697a9c8014546945853b11aeebae0ba) Importer(815301076,1909f56bfc062723c751e8b465ee728b)  -> (artifact id: 'e3099b1fd95222dba399f5d6c20a0bdb') in 0.010350 seconds 
========================================================================
Received Import Request.
  Time since last request: 419.015688 seconds.
  path: Assets/Dypsloom/DypThePenguin/Demo/Characters/Prefab/Dyp.prefab
  artifactKey: Guid(4290ce8b0eaa54942b193ab7f49c6bb3) Importer(815301076,1909f56bfc062723c751e8b465ee728b)
Start importing Assets/Dypsloom/DypThePenguin/Demo/Characters/Prefab/Dyp.prefab using Guid(4290ce8b0eaa54942b193ab7f49c6bb3) Importer(815301076,1909f56bfc062723c751e8b465ee728b)  -> (artifact id: '3cad083f8e764031adc130f3aaa95569') in 0.074818 seconds 
========================================================================
Received Prepare
Registering precompiled user dll's ...
Registered in 0.003742 seconds.
Begin MonoManager ReloadAssembly
Native extension for WindowsStandalone target not found
Refreshing native plugins compatible for Editor in 0.60 ms, found 2 plugins.
Preloading 0 native plugins for Editor in 0.00 ms.
Mono: successfully reloaded assembly
- Completed reload, in  1.010 seconds
Domain Reload Profiling:
	ReloadAssembly (1011ms)
		BeginReloadAssembly (140ms)
			ExecutionOrderSort (0ms)
			DisableScriptedObjects (6ms)
			BackupInstance (0ms)
			ReleaseScriptingObjects (0ms)
			CreateAndSetChildDomain (62ms)
		EndReloadAssembly (799ms)
			LoadAssemblies (84ms)
			RebuildTransferFunctionScriptingTraits (0ms)
			SetupTypeCache (303ms)
			ReleaseScriptCaches (1ms)
			RebuildScriptCaches (40ms)
			SetupLoadedEditorAssemblies (284ms)
				LogAssemblyErrors (0ms)
				InitializePlatformSupportModulesInManaged (4ms)
				SetLoadedEditorAssemblies (1ms)
				RefreshPlugins (1ms)
				BeforeProcessingInitializeOnLoad (72ms)
				ProcessInitializeOnLoadAttributes (194ms)
				ProcessInitializeOnLoadMethodAttributes (9ms)
				AfterProcessingInitializeOnLoad (4ms)
				EditorAssembliesLoaded (0ms)
			ExecutionOrderSort2 (0ms)
			AwakeInstancesAfterBackupRestoration (6ms)
Platform modules already initialized, skipping
Refreshing native plugins compatible for Editor in 0.49 ms, found 2 plugins.
Preloading 0 native plugins for Editor in 0.00 ms.
Unloading 1796 Unused Serialized files (Serialized files now loaded: 0)
System memory in use before: 103.2 MB.
System memory in use after: 103.3 MB.

Unloading 14 unused Assets to reduce memory usage. Loaded Objects now: 2339.
Total: 2.185200 ms (FindLiveObjects: 0.110300 ms CreateObjectMapping: 0.030000 ms MarkObjects: 1.981000 ms  DeleteObjects: 0.062800 ms)

AssetImportParameters requested are different than current active one (requested -> active):
  custom:framework-win-MediaFoundation: 216162199b28c13a410421893ffa2e32 -> 
  custom:video-decoder-ogg-theora: a1e56fd34408186e4bbccfd4996cb3dc -> 
  custom:container-muxer-webm: aa71ff27fc2769a1b78a27578f13a17b -> 
  custom:container-demuxer-webm: 4f35f7cbe854078d1ac9338744f61a02 -> 
  custom:container-demuxer-ogg: 62fdf1f143b41e24485cea50d1cbac27 -> 
  custom:video-encoder-webm-vp8: eb34c28f22e8b96e1ab97ce403110664 -> 
  custom:video-codec-MediaFoundation-h265: 746d11721c4dcdbdad8f713fa42b33f4 -> 
  custom:video-decoder-webm-vp8: 9c59270c3fd7afecdb556c50c9e8de78 -> 
  custom:audio-decoder-ogg-vorbis: bf7c407c2cedff20999df2af8eb42d56 -> 
  custom:audio-encoder-webm-vorbis: bf7c407c2cedff20999df2af8eb42d56 -> 
========================================================================
Received Import Request.
  Time since last request: 2805.247775 seconds.
  path: Assets/Scenes
  artifactKey: Guid(ea8d60df8e2cf6b44810c5b43ab0b413) Importer(815301076,1909f56bfc062723c751e8b465ee728b)
Start importing Assets/Scenes using Guid(ea8d60df8e2cf6b44810c5b43ab0b413) Importer(815301076,1909f56bfc062723c751e8b465ee728b)  -> (artifact id: 'fbe3f087317cd13155170eb826c6dbec') in 0.013092 seconds 
========================================================================
Received Prepare
Registering precompiled user dll's ...
Registered in 0.003733 seconds.
Begin MonoManager ReloadAssembly
Native extension for WindowsStandalone target not found
Refreshing native plugins compatible for Editor in 0.30 ms, found 2 plugins.
Preloading 0 native plugins for Editor in 0.00 ms.
Mono: successfully reloaded assembly
- Completed reload, in  0.944 seconds
Domain Reload Profiling:
	ReloadAssembly (945ms)
		BeginReloadAssembly (114ms)
			ExecutionOrderSort (0ms)
			DisableScriptedObjects (5ms)
			BackupInstance (0ms)
			ReleaseScriptingObjects (0ms)
			CreateAndSetChildDomain (29ms)
		EndReloadAssembly (752ms)
			LoadAssemblies (101ms)
			RebuildTransferFunctionScriptingTraits (0ms)
			SetupTypeCache (270ms)
			ReleaseScriptCaches (1ms)
			RebuildScriptCaches (43ms)
			SetupLoadedEditorAssemblies (264ms)
				LogAssemblyErrors (0ms)
				InitializePlatformSupportModulesInManaged (4ms)
				SetLoadedEditorAssemblies (0ms)
				RefreshPlugins (0ms)
				BeforeProcessingInitializeOnLoad (65ms)
				ProcessInitializeOnLoadAttributes (182ms)
				ProcessInitializeOnLoadMethodAttributes (8ms)
				AfterProcessingInitializeOnLoad (4ms)
				EditorAssembliesLoaded (0ms)
			ExecutionOrderSort2 (0ms)
			AwakeInstancesAfterBackupRestoration (5ms)
Platform modules already initialized, skipping
Refreshing native plugins compatible for Editor in 0.62 ms, found 2 plugins.
Preloading 0 native plugins for Editor in 0.00 ms.
Unloading 1796 Unused Serialized files (Serialized files now loaded: 0)
System memory in use before: 103.2 MB.
System memory in use after: 103.3 MB.

Unloading 12 unused Assets to reduce memory usage. Loaded Objects now: 2342.
Total: 3.642800 ms (FindLiveObjects: 0.119100 ms CreateObjectMapping: 0.037100 ms MarkObjects: 3.457000 ms  DeleteObjects: 0.028500 ms)

AssetImportParameters requested are different than current active one (requested -> active):
  custom:framework-win-MediaFoundation: 216162199b28c13a410421893ffa2e32 -> 
  custom:video-decoder-ogg-theora: a1e56fd34408186e4bbccfd4996cb3dc -> 
  custom:container-muxer-webm: aa71ff27fc2769a1b78a27578f13a17b -> 
  custom:container-demuxer-webm: 4f35f7cbe854078d1ac9338744f61a02 -> 
  custom:container-demuxer-ogg: 62fdf1f143b41e24485cea50d1cbac27 -> 
  custom:video-encoder-webm-vp8: eb34c28f22e8b96e1ab97ce403110664 -> 
  custom:video-codec-MediaFoundation-h265: 746d11721c4dcdbdad8f713fa42b33f4 -> 
  custom:video-decoder-webm-vp8: 9c59270c3fd7afecdb556c50c9e8de78 -> 
  custom:audio-decoder-ogg-vorbis: bf7c407c2cedff20999df2af8eb42d56 -> 
  custom:audio-encoder-webm-vorbis: bf7c407c2cedff20999df2af8eb42d56 -> 
========================================================================
Received Import Request.
  Time since last request: 123.048884 seconds.
  path: Assets/New Material 1.mat
  artifactKey: Guid(7133c044095a3604aae1110a61420150) Importer(815301076,1909f56bfc062723c751e8b465ee728b)
Start importing Assets/New Material 1.mat using Guid(7133c044095a3604aae1110a61420150) Importer(815301076,1909f56bfc062723c751e8b465ee728b)  -> (artifact id: '8f4e7d16387daeac15ca79fde83be0a0') in 0.114118 seconds 
========================================================================
Received Import Request.
  Time since last request: 8.753859 seconds.
  path: Assets/White.mat
  artifactKey: Guid(7133c044095a3604aae1110a61420150) Importer(815301076,1909f56bfc062723c751e8b465ee728b)
Start importing Assets/White.mat using Guid(7133c044095a3604aae1110a61420150) Importer(815301076,1909f56bfc062723c751e8b465ee728b)  -> (artifact id: '4c29943bbeb73f4ab14b11e0fd9fd751') in 0.013488 seconds 
========================================================================
Received Prepare
Registering precompiled user dll's ...
Registered in 0.001675 seconds.
Begin MonoManager ReloadAssembly
Native extension for WindowsStandalone target not found
Refreshing native plugins compatible for Editor in 0.35 ms, found 2 plugins.
Preloading 0 native plugins for Editor in 0.00 ms.
Mono: successfully reloaded assembly
- Completed reload, in  1.005 seconds
Domain Reload Profiling:
	ReloadAssembly (1006ms)
		BeginReloadAssembly (105ms)
			ExecutionOrderSort (0ms)
			DisableScriptedObjects (4ms)
			BackupInstance (0ms)
			ReleaseScriptingObjects (0ms)
			CreateAndSetChildDomain (33ms)
		EndReloadAssembly (813ms)
			LoadAssemblies (92ms)
			RebuildTransferFunctionScriptingTraits (0ms)
			SetupTypeCache (271ms)
			ReleaseScriptCaches (1ms)
			RebuildScriptCaches (39ms)
			SetupLoadedEditorAssemblies (303ms)
				LogAssemblyErrors (0ms)
				InitializePlatformSupportModulesInManaged (5ms)
				SetLoadedEditorAssemblies (0ms)
				RefreshPlugins (0ms)
				BeforeProcessingInitializeOnLoad (84ms)
				ProcessInitializeOnLoadAttributes (202ms)
				ProcessInitializeOnLoadMethodAttributes (8ms)
				AfterProcessingInitializeOnLoad (3ms)
				EditorAssembliesLoaded (0ms)
			ExecutionOrderSort2 (0ms)
			AwakeInstancesAfterBackupRestoration (8ms)
Platform modules already initialized, skipping
Refreshing native plugins compatible for Editor in 0.39 ms, found 2 plugins.
Preloading 0 native plugins for Editor in 0.00 ms.
Unloading 1796 Unused Serialized files (Serialized files now loaded: 0)
System memory in use before: 103.1 MB.
System memory in use after: 103.3 MB.

Unloading 12 unused Assets to reduce memory usage. Loaded Objects now: 2346.
Total: 2.093700 ms (FindLiveObjects: 0.106200 ms CreateObjectMapping: 0.033500 ms MarkObjects: 1.934900 ms  DeleteObjects: 0.018300 ms)

AssetImportParameters requested are different than current active one (requested -> active):
  custom:framework-win-MediaFoundation: 216162199b28c13a410421893ffa2e32 -> 
  custom:video-decoder-ogg-theora: a1e56fd34408186e4bbccfd4996cb3dc -> 
  custom:container-muxer-webm: aa71ff27fc2769a1b78a27578f13a17b -> 
  custom:container-demuxer-webm: 4f35f7cbe854078d1ac9338744f61a02 -> 
  custom:container-demuxer-ogg: 62fdf1f143b41e24485cea50d1cbac27 -> 
  custom:video-encoder-webm-vp8: eb34c28f22e8b96e1ab97ce403110664 -> 
  custom:video-codec-MediaFoundation-h265: 746d11721c4dcdbdad8f713fa42b33f4 -> 
  custom:video-decoder-webm-vp8: 9c59270c3fd7afecdb556c50c9e8de78 -> 
  custom:audio-decoder-ogg-vorbis: bf7c407c2cedff20999df2af8eb42d56 -> 
  custom:audio-encoder-webm-vorbis: bf7c407c2cedff20999df2af8eb42d56 -> 
========================================================================
Received Import Request.
  Time since last request: 63.278307 seconds.
  path: ProjectSettings/TagManager.asset
  artifactKey: Guid(00000000000000003000000000000000) Importer(815301076,1909f56bfc062723c751e8b465ee728b)
Start importing ProjectSettings/TagManager.asset using Guid(00000000000000003000000000000000) Importer(815301076,1909f56bfc062723c751e8b465ee728b)  -> (artifact id: 'a5d6c81334e57d1cd955f8bfa63061b0') in 0.029027 seconds 
AssetImportWorkerClient::OnTransportError - code=2 error=End of file
